d:\downloads\caro_game-main\server\x64\debug\vc140.pdb
d:\downloads\caro_game-main\server\x64\debug\vc140.idb
c:\caro_game-main\server\x64\debug\vc140.pdb
c:\caro_game-main\server\x64\debug\vc140.idb
c:\caro_game-main\server\x64\debug\database.obj
c:\caro_game-main\server\x64\debug\room.obj
c:\caro_game-main\server\x64\debug\server.obj
d:\gamecaro-main\server\x64\debug\vc140.pdb
d:\downloads\caro_game-main\x64\debug\server.ilk
d:\downloads\caro_game-main\x64\debug\server.exe
d:\downloads\caro_game-main\x64\debug\server.pdb
c:\caro_game-main\x64\debug\server.ilk
c:\caro_game-main\x64\debug\server.exe
c:\caro_game-main\x64\debug\server.pdb
d:\caro_game-main\server\x64\debug\database.obj
d:\caro_game-main\server\x64\debug\myserverlib.obj
d:\caro_game-main\server\x64\debug\room.obj
d:\caro_game-main\server\x64\debug\server.obj
d:\caro_game-main\server\x64\debug\database.obj.enc
d:\caro_game-main\server\x64\debug\room.obj.enc
d:\caro_game-main\server\x64\debug\server.obj.enc
d:\caro_game-main\server\x64\debug\vc140.idb
d:\caro_game-main\server\x64\debug\vc140.pdb
d:\caro_game-main\x64\debug\server.pdb
d:\caro_game-main\x64\debug\server.exe
d:\caro_game-main\x64\debug\server.ilk
d:\caro_game-main\server\x64\debug\server.tlog\cl.command.1.tlog
d:\caro_game-main\server\x64\debug\server.tlog\cl.read.1.tlog
d:\caro_game-main\server\x64\debug\server.tlog\cl.write.1.tlog
d:\caro_game-main\server\x64\debug\server.tlog\link.command.1.tlog
d:\caro_game-main\server\x64\debug\server.tlog\link.read.1.tlog
d:\caro_game-main\server\x64\debug\server.tlog\link.write.1.tlog
